0 info it worked if it ends with ok
1 verbose cli [ '/Users/ben/.nvm/versions/node/v6.9.3/bin/node',
1 verbose cli   '/Users/ben/.nvm/versions/node/v6.9.3/bin/npm',
1 verbose cli   'run',
1 verbose cli   'build' ]
2 info using npm@3.10.10
3 info using node@v6.9.3
4 verbose run-script [ 'prebuild', 'build', 'postbuild' ]
5 info lifecycle news-map@1.0.0~prebuild: news-map@1.0.0
6 silly lifecycle news-map@1.0.0~prebuild: no script for prebuild, continuing
7 info lifecycle news-map@1.0.0~build: news-map@1.0.0
8 verbose lifecycle news-map@1.0.0~build: unsafe-perm in lifecycle true
9 verbose lifecycle news-map@1.0.0~build: PATH: /Users/ben/.nvm/versions/node/v6.9.3/lib/node_modules/npm/bin/node-gyp-bin:/Users/ben/news-map/node_modules/.bin:/Users/ben/.nvm/versions/node/v6.9.3/bin:/Users/ben/.rbenv/shims:/Users/ben/.rvm/gems/ruby-2.2.2/bin:/Users/ben/.rvm/gems/ruby-2.2.2@global/bin:/Users/ben/.rvm/rubies/ruby-2.2.2/bin:/usr/local/bin:/usr/bin:/bin:/usr/sbin:/sbin:/Library/Frameworks/Mono.framework/Versions/Current/Commands:/usr/local/bin:/usr/bin:/bin:/usr/sbin:/sbin:/Applications/Postgres.app/Contents/Versions/9.4/bin:/Users/ben/.rvm/bin:/usr/local/bin
10 verbose lifecycle news-map@1.0.0~build: CWD: /Users/ben/news-map
11 silly lifecycle news-map@1.0.0~build: Args: [ '-c', 'webpack node server.js' ]
12 silly lifecycle news-map@1.0.0~build: Returned: code: 2  signal: null
13 info lifecycle news-map@1.0.0~build: Failed to exec build script
14 verbose stack Error: news-map@1.0.0 build: `webpack node server.js`
14 verbose stack Exit status 2
14 verbose stack     at EventEmitter.<anonymous> (/Users/ben/.nvm/versions/node/v6.9.3/lib/node_modules/npm/lib/utils/lifecycle.js:255:16)
14 verbose stack     at emitTwo (events.js:106:13)
14 verbose stack     at EventEmitter.emit (events.js:191:7)
14 verbose stack     at ChildProcess.<anonymous> (/Users/ben/.nvm/versions/node/v6.9.3/lib/node_modules/npm/lib/utils/spawn.js:40:14)
14 verbose stack     at emitTwo (events.js:106:13)
14 verbose stack     at ChildProcess.emit (events.js:191:7)
14 verbose stack     at maybeClose (internal/child_process.js:877:16)
14 verbose stack     at Process.ChildProcess._handle.onexit (internal/child_process.js:226:5)
15 verbose pkgid news-map@1.0.0
16 verbose cwd /Users/ben/news-map
17 error Darwin 16.1.0
18 error argv "/Users/ben/.nvm/versions/node/v6.9.3/bin/node" "/Users/ben/.nvm/versions/node/v6.9.3/bin/npm" "run" "build"
19 error node v6.9.3
20 error npm  v3.10.10
21 error code ELIFECYCLE
22 error news-map@1.0.0 build: `webpack node server.js`
22 error Exit status 2
23 error Failed at the news-map@1.0.0 build script 'webpack node server.js'.
23 error Make sure you have the latest version of node.js and npm installed.
23 error If you do, this is most likely a problem with the news-map package,
23 error not with npm itself.
23 error Tell the author that this fails on your system:
23 error     webpack node server.js
23 error You can get information on how to open an issue for this project with:
23 error     npm bugs news-map
23 error Or if that isn't available, you can get their info via:
23 error     npm owner ls news-map
23 error There is likely additional logging output above.
24 verbose exit [ 1, true ]
